Started GET "/" for ::1 at 2019-05-07 23:37:45 -0400
  
PG::ConnectionBad (could not connect to server: No such file or directory
	Is the server running locally and accepting
	connections on Unix domain socket "/tmp/.s.PGSQL.5432"?
):
  
pg (1.1.4) lib/pg.rb:56:in `initialize'
pg (1.1.4) lib/pg.rb:56:in `new'
pg (1.1.4) lib/pg.rb:56:in `connect'
activerecord (5.2.3) lib/active_record/connection_adapters/postgresql_adapter.rb:692:in `connect'
activerecord (5.2.3) lib/active_record/connection_adapters/postgresql_adapter.rb:223:in `initialize'
activerecord (5.2.3) lib/active_record/connection_adapters/postgresql_adapter.rb:48:in `new'
activerecord (5.2.3) lib/active_record/connection_adapters/postgresql_adapter.rb:48:in `postgresql_connection'
activerecord (5.2.3) lib/active_record/connection_adapters/abstract/connection_pool.rb:811:in `new_connection'
activerecord (5.2.3) lib/active_record/connection_adapters/abstract/connection_pool.rb:855:in `checkout_new_connection'
activerecord (5.2.3) lib/active_record/connection_adapters/abstract/connection_pool.rb:834:in `try_to_checkout_new_connection'
activerecord (5.2.3) lib/active_record/connection_adapters/abstract/connection_pool.rb:795:in `acquire_connection'
activerecord (5.2.3) lib/active_record/connection_adapters/abstract/connection_pool.rb:523:in `checkout'
activerecord (5.2.3) lib/active_record/connection_adapters/abstract/connection_pool.rb:382:in `connection'
activerecord (5.2.3) lib/active_record/connection_adapters/abstract/connection_pool.rb:1014:in `retrieve_connection'
activerecord (5.2.3) lib/active_record/connection_handling.rb:118:in `retrieve_connection'
activerecord (5.2.3) lib/active_record/connection_handling.rb:90:in `connection'
activerecord (5.2.3) lib/active_record/migration.rb:554:in `call'
actionpack (5.2.3) lib/action_dispatch/middleware/callbacks.rb:28:in `block in call'
activesupport (5.2.3) lib/active_support/callbacks.rb:98:in `run_callbacks'
actionpack (5.2.3) lib/action_dispatch/middleware/callbacks.rb:26:in `call'
actionpack (5.2.3) lib/action_dispatch/middleware/executor.rb:14:in `call'
actionpack (5.2.3) lib/action_dispatch/middleware/debug_exceptions.rb:61:in `call'
web-console (3.7.0) lib/web_console/middleware.rb:135:in `call_app'
web-console (3.7.0) lib/web_console/middleware.rb:30:in `block in call'
web-console (3.7.0) lib/web_console/middleware.rb:20:in `catch'
web-console (3.7.0) lib/web_console/middleware.rb:20:in `call'
actionpack (5.2.3) lib/action_dispatch/middleware/show_exceptions.rb:33:in `call'
railties (5.2.3) lib/rails/rack/logger.rb:38:in `call_app'
railties (5.2.3) lib/rails/rack/logger.rb:26:in `block in call'
activesupport (5.2.3) lib/active_support/tagged_logging.rb:71:in `block in tagged'
activesupport (5.2.3) lib/active_support/tagged_logging.rb:28:in `tagged'
activesupport (5.2.3) lib/active_support/tagged_logging.rb:71:in `tagged'
railties (5.2.3) lib/rails/rack/logger.rb:26:in `call'
sprockets-rails (3.2.1) lib/sprockets/rails/quiet_assets.rb:13:in `call'
actionpack (5.2.3) lib/action_dispatch/middleware/remote_ip.rb:81:in `call'
actionpack (5.2.3) lib/action_dispatch/middleware/request_id.rb:27:in `call'
rack (2.0.7) lib/rack/method_override.rb:22:in `call'
rack (2.0.7) lib/rack/runtime.rb:22:in `call'
activesupport (5.2.3) lib/active_support/cache/strategy/local_cache_middleware.rb:29:in `call'
actionpack (5.2.3) lib/action_dispatch/middleware/executor.rb:14:in `call'
actionpack (5.2.3) lib/action_dispatch/middleware/static.rb:127:in `call'
rack (2.0.7) lib/rack/sendfile.rb:111:in `call'
railties (5.2.3) lib/rails/engine.rb:524:in `call'
puma (3.12.1) lib/puma/configuration.rb:227:in `call'
puma (3.12.1) lib/puma/server.rb:660:in `handle_request'
puma (3.12.1) lib/puma/server.rb:474:in `process_client'
puma (3.12.1) lib/puma/server.rb:334:in `block in run'
puma (3.12.1) lib/puma/thread_pool.rb:135:in `block in spawn_thread'
  [1m[35m (325.6ms)[0m  [1m[35mCREATE DATABASE "Portfolio_development" ENCODING = 'unicode'[0m
  ↳ /Users/luke/.rvm/gems/ruby-2.6.1/gems/bootsnap-1.4.4/lib/bootsnap/load_path_cache/core_ext/kernel_require.rb:22
  [1m[35m (325.1ms)[0m  [1m[35mCREATE DATABASE "Portfolio_test" ENCODING = 'unicode'[0m
  ↳ /Users/luke/.rvm/gems/ruby-2.6.1/gems/bootsnap-1.4.4/lib/bootsnap/load_path_cache/core_ext/kernel_require.rb:22
Started GET "/" for ::1 at 2019-05-07 23:40:13 -0400
Processing by Rails::WelcomeController#index as HTML
  Rendering /Users/luke/.rvm/rubies/ruby-2.6.1/lib/ruby/gems/2.6.0/gems/railties-5.2.3/lib/rails/templates/rails/welcome/index.html.erb
  Rendered /Users/luke/.rvm/rubies/ruby-2.6.1/lib/ruby/gems/2.6.0/gems/railties-5.2.3/lib/rails/templates/rails/welcome/index.html.erb (6.3ms)
Completed 200 OK in 26ms (Views: 13.3ms | ActiveRecord: 0.0ms)


  [1m[35m (13.2ms)[0m  [1m[35mCREATE TABLE "schema_migrations" ("version" character varying NOT NULL PRIMARY KEY)[0m
  ↳ /Users/luke/.rvm/gems/ruby-2.6.1/gems/bootsnap-1.4.4/lib/bootsnap/load_path_cache/core_ext/kernel_require.rb:22
  [1m[35m (5.9ms)[0m  [1m[35mCREATE TABLE "ar_internal_metadata" ("key" character varying NOT NULL PRIMARY KEY, "value" character varying, "created_at" timestamp NOT NULL, "updated_at" timestamp NOT NULL)[0m
  ↳ /Users/luke/.rvm/gems/ruby-2.6.1/gems/bootsnap-1.4.4/lib/bootsnap/load_path_cache/core_ext/kernel_require.rb:22
  [1m[35m (0.6ms)[0m  [1m[34mSELECT pg_try_advisory_lock(8032448616015099150)[0m
  ↳ /Users/luke/.rvm/gems/ruby-2.6.1/gems/bootsnap-1.4.4/lib/bootsnap/load_path_cache/core_ext/kernel_require.rb:22
  [1m[35m (1.6ms)[0m  [1m[34mSELECT "schema_migrations"."version" FROM "schema_migrations" ORDER BY "schema_migrations"."version" ASC[0m
  ↳ /Users/luke/.rvm/gems/ruby-2.6.1/gems/bootsnap-1.4.4/lib/bootsnap/load_path_cache/core_ext/kernel_require.rb:22
  [1m[36mActiveRecord::InternalMetadata Load (1.1ms)[0m  [1m[34mSELECT  "ar_internal_metadata".* FROM "ar_internal_metadata" WHERE "ar_internal_metadata"."key" = $1 LIMIT $2[0m  [["key", "environment"], ["LIMIT", 1]]
  ↳ /Users/luke/.rvm/gems/ruby-2.6.1/gems/bootsnap-1.4.4/lib/bootsnap/load_path_cache/core_ext/kernel_require.rb:22
  [1m[35m (0.7ms)[0m  [1m[35mBEGIN[0m
  ↳ /Users/luke/.rvm/gems/ruby-2.6.1/gems/bootsnap-1.4.4/lib/bootsnap/load_path_cache/core_ext/kernel_require.rb:22
  [1m[36mActiveRecord::InternalMetadata Create (19.2ms)[0m  [1m[32mINSERT INTO "ar_internal_metadata" ("key", "value", "created_at", "updated_at") VALUES ($1, $2, $3, $4) RETURNING "key"[0m  [["key", "environment"], ["value", "development"], ["created_at", "2019-05-08 03:40:43.336755"], ["updated_at", "2019-05-08 03:40:43.336755"]]
  ↳ /Users/luke/.rvm/gems/ruby-2.6.1/gems/bootsnap-1.4.4/lib/bootsnap/load_path_cache/core_ext/kernel_require.rb:22
  [1m[35m (10.8ms)[0m  [1m[35mCOMMIT[0m
  ↳ /Users/luke/.rvm/gems/ruby-2.6.1/gems/bootsnap-1.4.4/lib/bootsnap/load_path_cache/core_ext/kernel_require.rb:22
  [1m[35m (0.7ms)[0m  [1m[34mSELECT pg_advisory_unlock(8032448616015099150)[0m
  ↳ /Users/luke/.rvm/gems/ruby-2.6.1/gems/bootsnap-1.4.4/lib/bootsnap/load_path_cache/core_ext/kernel_require.rb:22
  [1m[35m (0.7ms)[0m  [1m[34mSELECT "schema_migrations"."version" FROM "schema_migrations" ORDER BY "schema_migrations"."version" ASC[0m
  ↳ /Users/luke/.rvm/gems/ruby-2.6.1/gems/bootsnap-1.4.4/lib/bootsnap/load_path_cache/core_ext/kernel_require.rb:22
Started GET "/" for ::1 at 2019-05-07 23:40:52 -0400
Processing by Rails::WelcomeController#index as HTML
  Rendering /Users/luke/.rvm/rubies/ruby-2.6.1/lib/ruby/gems/2.6.0/gems/railties-5.2.3/lib/rails/templates/rails/welcome/index.html.erb
  Rendered /Users/luke/.rvm/rubies/ruby-2.6.1/lib/ruby/gems/2.6.0/gems/railties-5.2.3/lib/rails/templates/rails/welcome/index.html.erb (7.6ms)
Completed 200 OK in 22ms (Views: 12.1ms | ActiveRecord: 0.0ms)


  [1m[35m (0.6ms)[0m  [1m[34mSELECT pg_try_advisory_lock(8032448616015099150)[0m
  ↳ /Users/luke/.rvm/gems/ruby-2.6.1/gems/bootsnap-1.4.4/lib/bootsnap/load_path_cache/core_ext/kernel_require.rb:22
  [1m[35m (2.0ms)[0m  [1m[34mSELECT "schema_migrations"."version" FROM "schema_migrations" ORDER BY "schema_migrations"."version" ASC[0m
  ↳ /Users/luke/.rvm/gems/ruby-2.6.1/gems/bootsnap-1.4.4/lib/bootsnap/load_path_cache/core_ext/kernel_require.rb:22
Migrating to CreateBlogs (20190508034644)
  [1m[35m (0.4ms)[0m  [1m[35mBEGIN[0m
  ↳ /Users/luke/.rvm/gems/ruby-2.6.1/gems/bootsnap-1.4.4/lib/bootsnap/load_path_cache/core_ext/kernel_require.rb:22
  [1m[35m (19.0ms)[0m  [1m[35mCREATE TABLE "blogs" ("id" bigserial primary key, "title" character varying, "body" text, "created_at" timestamp NOT NULL, "updated_at" timestamp NOT NULL)[0m
  ↳ db/migrate/20190508034644_create_blogs.rb:3
  [1m[36mActiveRecord::SchemaMigration Create (12.6ms)[0m  [1m[32mINSERT INTO "schema_migrations" ("version") VALUES ($1) RETURNING "version"[0m  [["version", "20190508034644"]]
  ↳ /Users/luke/.rvm/gems/ruby-2.6.1/gems/bootsnap-1.4.4/lib/bootsnap/load_path_cache/core_ext/kernel_require.rb:22
  [1m[35m (0.8ms)[0m  [1m[35mCOMMIT[0m
  ↳ /Users/luke/.rvm/gems/ruby-2.6.1/gems/bootsnap-1.4.4/lib/bootsnap/load_path_cache/core_ext/kernel_require.rb:22
  [1m[36mActiveRecord::InternalMetadata Load (0.9ms)[0m  [1m[34mSELECT  "ar_internal_metadata".* FROM "ar_internal_metadata" WHERE "ar_internal_metadata"."key" = $1 LIMIT $2[0m  [["key", "environment"], ["LIMIT", 1]]
  ↳ /Users/luke/.rvm/gems/ruby-2.6.1/gems/bootsnap-1.4.4/lib/bootsnap/load_path_cache/core_ext/kernel_require.rb:22
  [1m[35m (0.3ms)[0m  [1m[35mBEGIN[0m
  ↳ /Users/luke/.rvm/gems/ruby-2.6.1/gems/bootsnap-1.4.4/lib/bootsnap/load_path_cache/core_ext/kernel_require.rb:22
  [1m[35m (0.3ms)[0m  [1m[35mCOMMIT[0m
  ↳ /Users/luke/.rvm/gems/ruby-2.6.1/gems/bootsnap-1.4.4/lib/bootsnap/load_path_cache/core_ext/kernel_require.rb:22
  [1m[35m (0.5ms)[0m  [1m[34mSELECT pg_advisory_unlock(8032448616015099150)[0m
  ↳ /Users/luke/.rvm/gems/ruby-2.6.1/gems/bootsnap-1.4.4/lib/bootsnap/load_path_cache/core_ext/kernel_require.rb:22
  [1m[35m (0.5ms)[0m  [1m[34mSELECT "schema_migrations"."version" FROM "schema_migrations" ORDER BY "schema_migrations"."version" ASC[0m
  ↳ /Users/luke/.rvm/gems/ruby-2.6.1/gems/bootsnap-1.4.4/lib/bootsnap/load_path_cache/core_ext/kernel_require.rb:22
Started GET "/Blogs" for ::1 at 2019-05-07 23:51:54 -0400
  [1m[35m (2.2ms)[0m  [1m[34mSELECT "schema_migrations"."version" FROM "schema_migrations" ORDER BY "schema_migrations"."version" ASC[0m
  ↳ /Users/luke/.rvm/gems/ruby-2.6.1/gems/web-console-3.7.0/lib/web_console/middleware.rb:135
  
ActionController::RoutingError (No route matches [GET] "/Blogs"):
  
actionpack (5.2.3) lib/action_dispatch/middleware/debug_exceptions.rb:65:in `call'
web-console (3.7.0) lib/web_console/middleware.rb:135:in `call_app'
web-console (3.7.0) lib/web_console/middleware.rb:30:in `block in call'
web-console (3.7.0) lib/web_console/middleware.rb:20:in `catch'
web-console (3.7.0) lib/web_console/middleware.rb:20:in `call'
actionpack (5.2.3) lib/action_dispatch/middleware/show_exceptions.rb:33:in `call'
railties (5.2.3) lib/rails/rack/logger.rb:38:in `call_app'
railties (5.2.3) lib/rails/rack/logger.rb:26:in `block in call'
activesupport (5.2.3) lib/active_support/tagged_logging.rb:71:in `block in tagged'
activesupport (5.2.3) lib/active_support/tagged_logging.rb:28:in `tagged'
activesupport (5.2.3) lib/active_support/tagged_logging.rb:71:in `tagged'
railties (5.2.3) lib/rails/rack/logger.rb:26:in `call'
sprockets-rails (3.2.1) lib/sprockets/rails/quiet_assets.rb:13:in `call'
actionpack (5.2.3) lib/action_dispatch/middleware/remote_ip.rb:81:in `call'
actionpack (5.2.3) lib/action_dispatch/middleware/request_id.rb:27:in `call'
rack (2.0.7) lib/rack/method_override.rb:22:in `call'
rack (2.0.7) lib/rack/runtime.rb:22:in `call'
activesupport (5.2.3) lib/active_support/cache/strategy/local_cache_middleware.rb:29:in `call'
actionpack (5.2.3) lib/action_dispatch/middleware/executor.rb:14:in `call'
actionpack (5.2.3) lib/action_dispatch/middleware/static.rb:127:in `call'
rack (2.0.7) lib/rack/sendfile.rb:111:in `call'
railties (5.2.3) lib/rails/engine.rb:524:in `call'
puma (3.12.1) lib/puma/configuration.rb:227:in `call'
puma (3.12.1) lib/puma/server.rb:660:in `handle_request'
puma (3.12.1) lib/puma/server.rb:474:in `process_client'
puma (3.12.1) lib/puma/server.rb:334:in `block in run'
puma (3.12.1) lib/puma/thread_pool.rb:135:in `block in spawn_thread'
Started GET "/Blogs" for ::1 at 2019-05-07 23:51:58 -0400
  
ActionController::RoutingError (No route matches [GET] "/Blogs"):
  
actionpack (5.2.3) lib/action_dispatch/middleware/debug_exceptions.rb:65:in `call'
web-console (3.7.0) lib/web_console/middleware.rb:135:in `call_app'
web-console (3.7.0) lib/web_console/middleware.rb:30:in `block in call'
web-console (3.7.0) lib/web_console/middleware.rb:20:in `catch'
web-console (3.7.0) lib/web_console/middleware.rb:20:in `call'
actionpack (5.2.3) lib/action_dispatch/middleware/show_exceptions.rb:33:in `call'
railties (5.2.3) lib/rails/rack/logger.rb:38:in `call_app'
railties (5.2.3) lib/rails/rack/logger.rb:26:in `block in call'
activesupport (5.2.3) lib/active_support/tagged_logging.rb:71:in `block in tagged'
activesupport (5.2.3) lib/active_support/tagged_logging.rb:28:in `tagged'
activesupport (5.2.3) lib/active_support/tagged_logging.rb:71:in `tagged'
railties (5.2.3) lib/rails/rack/logger.rb:26:in `call'
sprockets-rails (3.2.1) lib/sprockets/rails/quiet_assets.rb:13:in `call'
actionpack (5.2.3) lib/action_dispatch/middleware/remote_ip.rb:81:in `call'
actionpack (5.2.3) lib/action_dispatch/middleware/request_id.rb:27:in `call'
rack (2.0.7) lib/rack/method_override.rb:22:in `call'
rack (2.0.7) lib/rack/runtime.rb:22:in `call'
activesupport (5.2.3) lib/active_support/cache/strategy/local_cache_middleware.rb:29:in `call'
actionpack (5.2.3) lib/action_dispatch/middleware/executor.rb:14:in `call'
actionpack (5.2.3) lib/action_dispatch/middleware/static.rb:127:in `call'
rack (2.0.7) lib/rack/sendfile.rb:111:in `call'
railties (5.2.3) lib/rails/engine.rb:524:in `call'
puma (3.12.1) lib/puma/configuration.rb:227:in `call'
puma (3.12.1) lib/puma/server.rb:660:in `handle_request'
puma (3.12.1) lib/puma/server.rb:474:in `process_client'
puma (3.12.1) lib/puma/server.rb:334:in `block in run'
puma (3.12.1) lib/puma/thread_pool.rb:135:in `block in spawn_thread'
Started GET "/blogs" for ::1 at 2019-05-07 23:52:08 -0400
Processing by BlogsController#index as HTML
  Rendering blogs/index.html.erb within layouts/application
  [1m[36mBlog Load (1.2ms)[0m  [1m[34mSELECT "blogs".* FROM "blogs"[0m
  ↳ app/views/blogs/index.html.erb:15
  Rendered blogs/index.html.erb within layouts/application (8.1ms)
Completed 200 OK in 1743ms (Views: 1701.6ms | ActiveRecord: 4.5ms)


Started GET "/blogs/new" for ::1 at 2019-05-07 23:52:15 -0400
Processing by BlogsController#new as HTML
  Rendering blogs/new.html.erb within layouts/application
  Rendered blogs/_form.html.erb (41.2ms)
  Rendered blogs/new.html.erb within layouts/application (43.9ms)
Completed 200 OK in 105ms (Views: 77.1ms | ActiveRecord: 14.4ms)


Started POST "/blogs" for ::1 at 2019-05-07 23:52:42 -0400
Processing by BlogsController#create as HTML
  Parameters: {"utf8"=>"✓", "authenticity_token"=>"kxp1d8MYueitr/3HJbT1DjvpKMx9x8iPeKDn/Mo0dzq2Ptlgi+IDxnFUmsnGxtEtJY6DQQ4mtQG+6KY3dg3cbw==", "blog"=>{"title"=>"My First Blog!", "body"=>"Hey! Thanks for checking out my first blog!"}, "commit"=>"Create Blog"}
  [1m[35m (0.7ms)[0m  [1m[35mBEGIN[0m
  ↳ app/controllers/blogs_controller.rb:30
  [1m[36mBlog Create (3.2ms)[0m  [1m[32mINSERT INTO "blogs" ("title", "body", "created_at", "updated_at") VALUES ($1, $2, $3, $4) RETURNING "id"[0m  [["title", "My First Blog!"], ["body", "Hey! Thanks for checking out my first blog!"], ["created_at", "2019-05-08 03:52:42.834020"], ["updated_at", "2019-05-08 03:52:42.834020"]]
  ↳ app/controllers/blogs_controller.rb:30
  [1m[35m (0.7ms)[0m  [1m[35mCOMMIT[0m
  ↳ app/controllers/blogs_controller.rb:30
Redirected to http://localhost:3000/blogs/1
Completed 302 Found in 13ms (ActiveRecord: 4.6ms)


Started GET "/blogs/1" for ::1 at 2019-05-07 23:52:42 -0400
Processing by BlogsController#show as HTML
  Parameters: {"id"=>"1"}
  [1m[36mBlog Load (0.5ms)[0m  [1m[34mSELECT  "blogs".* FROM "blogs" WHERE "blogs"."id" = $1 LIMIT $2[0m  [["id", 1], ["LIMIT", 1]]
  ↳ app/controllers/blogs_controller.rb:67
  Rendering blogs/show.html.erb within layouts/application
  Rendered blogs/show.html.erb within layouts/application (1.5ms)
Completed 200 OK in 39ms (Views: 30.8ms | ActiveRecord: 0.8ms)


Started GET "/blogs" for ::1 at 2019-05-07 23:52:46 -0400
Processing by BlogsController#index as HTML
  Rendering blogs/index.html.erb within layouts/application
  [1m[36mBlog Load (1.3ms)[0m  [1m[34mSELECT "blogs".* FROM "blogs"[0m
  ↳ app/views/blogs/index.html.erb:15
  Rendered blogs/index.html.erb within layouts/application (3.9ms)
Completed 200 OK in 42ms (Views: 38.9ms | ActiveRecord: 1.3ms)


Started GET "/blogs/1" for ::1 at 2019-05-07 23:52:49 -0400
Processing by BlogsController#show as HTML
  Parameters: {"id"=>"1"}
  [1m[36mBlog Load (2.0ms)[0m  [1m[34mSELECT  "blogs".* FROM "blogs" WHERE "blogs"."id" = $1 LIMIT $2[0m  [["id", 1], ["LIMIT", 1]]
  ↳ app/controllers/blogs_controller.rb:67
  Rendering blogs/show.html.erb within layouts/application
  Rendered blogs/show.html.erb within layouts/application (1.4ms)
Completed 200 OK in 48ms (Views: 42.5ms | ActiveRecord: 2.0ms)


Started GET "/blogs" for ::1 at 2019-05-07 23:52:51 -0400
Processing by BlogsController#index as HTML
  Rendering blogs/index.html.erb within layouts/application
  [1m[36mBlog Load (4.3ms)[0m  [1m[34mSELECT "blogs".* FROM "blogs"[0m
  ↳ app/views/blogs/index.html.erb:15
  Rendered blogs/index.html.erb within layouts/application (8.3ms)
Completed 200 OK in 115ms (Views: 108.3ms | ActiveRecord: 4.3ms)


Started GET "/blogs/1" for ::1 at 2019-05-07 23:52:53 -0400
Processing by BlogsController#show as HTML
  Parameters: {"id"=>"1"}
  [1m[36mBlog Load (3.4ms)[0m  [1m[34mSELECT  "blogs".* FROM "blogs" WHERE "blogs"."id" = $1 LIMIT $2[0m  [["id", 1], ["LIMIT", 1]]
  ↳ app/controllers/blogs_controller.rb:67
  Rendering blogs/show.html.erb within layouts/application
  Rendered blogs/show.html.erb within layouts/application (1.2ms)
Completed 200 OK in 37ms (Views: 31.0ms | ActiveRecord: 3.4ms)


Started GET "/blogs" for ::1 at 2019-05-07 23:52:55 -0400
Processing by BlogsController#index as HTML
  Rendering blogs/index.html.erb within layouts/application
  [1m[36mBlog Load (2.3ms)[0m  [1m[34mSELECT "blogs".* FROM "blogs"[0m
  ↳ app/views/blogs/index.html.erb:15
  Rendered blogs/index.html.erb within layouts/application (4.7ms)
Completed 200 OK in 34ms (Views: 29.0ms | ActiveRecord: 2.3ms)


Started GET "/" for ::1 at 2019-05-07 23:54:19 -0400
Processing by Rails::WelcomeController#index as HTML
  Rendering /Users/luke/.rvm/rubies/ruby-2.6.1/lib/ruby/gems/2.6.0/gems/railties-5.2.3/lib/rails/templates/rails/welcome/index.html.erb
  Rendered /Users/luke/.rvm/rubies/ruby-2.6.1/lib/ruby/gems/2.6.0/gems/railties-5.2.3/lib/rails/templates/rails/welcome/index.html.erb (4.3ms)
Completed 200 OK in 12ms (Views: 6.9ms | ActiveRecord: 0.0ms)


Started GET "/blogs" for ::1 at 2019-05-07 23:54:55 -0400
Processing by BlogsController#index as HTML
  Rendering blogs/index.html.erb within layouts/application
  [1m[36mBlog Load (2.7ms)[0m  [1m[34mSELECT "blogs".* FROM "blogs"[0m
  ↳ app/views/blogs/index.html.erb:15
  Rendered blogs/index.html.erb within layouts/application (6.0ms)
Completed 200 OK in 48ms (Views: 42.8ms | ActiveRecord: 2.7ms)


Started DELETE "/blogs/1" for ::1 at 2019-05-07 23:54:59 -0400
Processing by BlogsController#destroy as HTML
  Parameters: {"authenticity_token"=>"4SU8iV1CmrBF7BNJ20R7xBj3lP3ryiZOvXgA4sc88oIBzqsLx/gAnoOycNoB1iCVziL8WFiLfZWhERfLpgLCUg==", "id"=>"1"}
  [1m[36mBlog Load (1.5ms)[0m  [1m[34mSELECT  "blogs".* FROM "blogs" WHERE "blogs"."id" = $1 LIMIT $2[0m  [["id", 1], ["LIMIT", 1]]
  ↳ app/controllers/blogs_controller.rb:67
  [1m[35m (0.5ms)[0m  [1m[35mBEGIN[0m
  ↳ app/controllers/blogs_controller.rb:57
  [1m[36mBlog Destroy (0.9ms)[0m  [1m[31mDELETE FROM "blogs" WHERE "blogs"."id" = $1[0m  [["id", 1]]
  ↳ app/controllers/blogs_controller.rb:57
  [1m[35m (2.4ms)[0m  [1m[35mCOMMIT[0m
  ↳ app/controllers/blogs_controller.rb:57
Redirected to http://localhost:3000/blogs
Completed 302 Found in 12ms (ActiveRecord: 5.3ms)


Started GET "/blogs" for ::1 at 2019-05-07 23:54:59 -0400
Processing by BlogsController#index as HTML
  Rendering blogs/index.html.erb within layouts/application
  [1m[36mBlog Load (0.5ms)[0m  [1m[34mSELECT "blogs".* FROM "blogs"[0m
  ↳ app/views/blogs/index.html.erb:15
  Rendered blogs/index.html.erb within layouts/application (2.7ms)
Completed 200 OK in 32ms (Views: 29.9ms | ActiveRecord: 0.5ms)


Started GET "/blogs/new" for ::1 at 2019-05-07 23:55:36 -0400
Processing by BlogsController#new as HTML
  Rendering blogs/new.html.erb within layouts/application
  Rendered blogs/_form.html.erb (5.5ms)
  Rendered blogs/new.html.erb within layouts/application (10.4ms)
Completed 200 OK in 66ms (Views: 63.3ms | ActiveRecord: 0.0ms)


Started POST "/blogs" for ::1 at 2019-05-07 23:55:55 -0400
Processing by BlogsController#create as HTML
  Parameters: {"utf8"=>"✓", "authenticity_token"=>"jjzX7Md9vSYXeA2rid+hunJNXn+zUO46gGuiKDSbucSrGHv7j4cHCMuDaqVqrYWZbCr18sCxk7RGI+PjiKISkQ==", "blog"=>{"title"=>"My First Blog!", "body"=>"This is my first blog post! Thanks for reading!"}, "commit"=>"Create Blog"}
  [1m[35m (0.8ms)[0m  [1m[35mBEGIN[0m
  ↳ app/controllers/blogs_controller.rb:30
  [1m[36mBlog Create (1.0ms)[0m  [1m[32mINSERT INTO "blogs" ("title", "body", "created_at", "updated_at") VALUES ($1, $2, $3, $4) RETURNING "id"[0m  [["title", "My First Blog!"], ["body", "This is my first blog post! Thanks for reading!"], ["created_at", "2019-05-08 03:55:55.456810"], ["updated_at", "2019-05-08 03:55:55.456810"]]
  ↳ app/controllers/blogs_controller.rb:30
  [1m[35m (0.6ms)[0m  [1m[35mCOMMIT[0m
  ↳ app/controllers/blogs_controller.rb:30
Redirected to http://localhost:3000/blogs/2
Completed 302 Found in 9ms (ActiveRecord: 2.4ms)


Started GET "/blogs/2" for ::1 at 2019-05-07 23:55:55 -0400
Processing by BlogsController#show as HTML
  Parameters: {"id"=>"2"}
  [1m[36mBlog Load (2.2ms)[0m  [1m[34mSELECT  "blogs".* FROM "blogs" WHERE "blogs"."id" = $1 LIMIT $2[0m  [["id", 2], ["LIMIT", 1]]
  ↳ app/controllers/blogs_controller.rb:67
  Rendering blogs/show.html.erb within layouts/application
  Rendered blogs/show.html.erb within layouts/application (1.0ms)
Completed 200 OK in 44ms (Views: 37.4ms | ActiveRecord: 2.2ms)


Started GET "/blogs" for ::1 at 2019-05-10 15:09:08 -0400
  [1m[35m (3.8ms)[0m  [1m[34mSELECT "schema_migrations"."version" FROM "schema_migrations" ORDER BY "schema_migrations"."version" ASC[0m
  ↳ /Users/luke/.rvm/gems/ruby-2.6.1/gems/web-console-3.7.0/lib/web_console/middleware.rb:135
Processing by BlogsController#index as HTML
  Rendering blogs/index.html.erb within layouts/application
  [1m[36mBlog Load (45.2ms)[0m  [1m[34mSELECT "blogs".* FROM "blogs"[0m
  ↳ app/views/blogs/index.html.erb:15
  Rendered blogs/index.html.erb within layouts/application (77.0ms)
Completed 200 OK in 539ms (Views: 455.7ms | ActiveRecord: 61.2ms)


Started DELETE "/blogs/2" for ::1 at 2019-05-10 15:09:21 -0400
Processing by BlogsController#destroy as HTML
  Parameters: {"authenticity_token"=>"zRrngkPMug5HYG7gEay67j5gx4+XKMHjjMnXy0tfVgQt8XAA2XYgIIE+DXPLPuG/6LWvKiRpmjiQoMDiKmFm1A==", "id"=>"2"}
  [1m[36mBlog Load (44.0ms)[0m  [1m[34mSELECT  "blogs".* FROM "blogs" WHERE "blogs"."id" = $1 LIMIT $2[0m  [["id", 2], ["LIMIT", 1]]
  ↳ app/controllers/blogs_controller.rb:67
  [1m[35m (0.7ms)[0m  [1m[35mBEGIN[0m
  ↳ app/controllers/blogs_controller.rb:57
  [1m[36mBlog Destroy (1.9ms)[0m  [1m[31mDELETE FROM "blogs" WHERE "blogs"."id" = $1[0m  [["id", 2]]
  ↳ app/controllers/blogs_controller.rb:57
  [1m[35m (1.2ms)[0m  [1m[35mCOMMIT[0m
  ↳ app/controllers/blogs_controller.rb:57
Redirected to http://localhost:3000/blogs
Completed 302 Found in 57ms (ActiveRecord: 48.0ms)


Started GET "/blogs" for ::1 at 2019-05-10 15:09:21 -0400
Processing by BlogsController#index as HTML
  Rendering blogs/index.html.erb within layouts/application
  [1m[36mBlog Load (0.6ms)[0m  [1m[34mSELECT "blogs".* FROM "blogs"[0m
  ↳ app/views/blogs/index.html.erb:15
  Rendered blogs/index.html.erb within layouts/application (2.8ms)
Completed 200 OK in 39ms (Views: 36.7ms | ActiveRecord: 0.6ms)


Started GET "/blogs/new" for ::1 at 2019-05-10 15:13:57 -0400
  [1m[35m (2.9ms)[0m  [1m[34mSELECT "schema_migrations"."version" FROM "schema_migrations" ORDER BY "schema_migrations"."version" ASC[0m
  ↳ /Users/luke/.rvm/gems/ruby-2.6.1/gems/web-console-3.7.0/lib/web_console/middleware.rb:135
Processing by BlogsController#new as HTML
  Rendering blogs/new.html.erb within layouts/application
  Rendered blogs/_form.html.erb (16.2ms)
  Rendered blogs/new.html.erb within layouts/application (19.2ms)
Completed 200 OK in 635ms (Views: 598.4ms | ActiveRecord: 11.7ms)


Started POST "/blogs" for ::1 at 2019-05-10 15:14:16 -0400
Processing by BlogsController#create as HTML
  Parameters: {"utf8"=>"✓", "authenticity_token"=>"hTPNIzCL1d6NcfJPkF32dobomcpuwL6I+qOLVTrqIxGgF2E0eHFv8FGKlUFzL9JVmI8yRx0hwwY868qehtOIRA==", "blog"=>{"title"=>"My First Blog!", "body"=>"Hey! Thanks for checking out my first blog!"}, "commit"=>"Create Blog"}
  [1m[35m (0.3ms)[0m  [1m[35mBEGIN[0m
  ↳ app/controllers/blogs_controller.rb:30
  [1m[36mBlog Create (12.3ms)[0m  [1m[32mINSERT INTO "blogs" ("title", "body", "created_at", "updated_at") VALUES ($1, $2, $3, $4) RETURNING "id"[0m  [["title", "My First Blog!"], ["body", "Hey! Thanks for checking out my first blog!"], ["created_at", "2019-05-10 19:14:16.857107"], ["updated_at", "2019-05-10 19:14:16.857107"]]
  ↳ app/controllers/blogs_controller.rb:30
  [1m[35m (0.7ms)[0m  [1m[35mCOMMIT[0m
  ↳ app/controllers/blogs_controller.rb:30
Redirected to http://localhost:3000/blogs/3
Completed 302 Found in 20ms (ActiveRecord: 13.3ms)


Started GET "/blogs/3" for ::1 at 2019-05-10 15:14:16 -0400
Processing by BlogsController#show as HTML
  Parameters: {"id"=>"3"}
  [1m[36mBlog Load (3.5ms)[0m  [1m[34mSELECT  "blogs".* FROM "blogs" WHERE "blogs"."id" = $1 LIMIT $2[0m  [["id", 3], ["LIMIT", 1]]
  ↳ app/controllers/blogs_controller.rb:67
  Rendering blogs/show.html.erb within layouts/application
  Rendered blogs/show.html.erb within layouts/application (1.1ms)
Completed 200 OK in 39ms (Views: 27.0ms | ActiveRecord: 3.8ms)


Started GET "/blogs" for ::1 at 2019-05-10 15:14:21 -0400
Processing by BlogsController#index as HTML
  Rendering blogs/index.html.erb within layouts/application
  [1m[36mBlog Load (0.5ms)[0m  [1m[34mSELECT "blogs".* FROM "blogs"[0m
  ↳ app/views/blogs/index.html.erb:15
  Rendered blogs/index.html.erb within layouts/application (3.1ms)
Completed 200 OK in 90ms (Views: 87.1ms | ActiveRecord: 0.5ms)


Started GET "/blogs/3" for ::1 at 2019-05-10 15:14:24 -0400
Processing by BlogsController#show as HTML
  Parameters: {"id"=>"3"}
  [1m[36mBlog Load (0.5ms)[0m  [1m[34mSELECT  "blogs".* FROM "blogs" WHERE "blogs"."id" = $1 LIMIT $2[0m  [["id", 3], ["LIMIT", 1]]
  ↳ app/controllers/blogs_controller.rb:67
  Rendering blogs/show.html.erb within layouts/application
  Rendered blogs/show.html.erb within layouts/application (1.1ms)
Completed 200 OK in 32ms (Views: 28.5ms | ActiveRecord: 0.5ms)


Started GET "/blogs" for ::1 at 2019-05-10 15:14:33 -0400
Processing by BlogsController#index as HTML
  Rendering blogs/index.html.erb within layouts/application
  [1m[36mBlog Load (2.2ms)[0m  [1m[34mSELECT "blogs".* FROM "blogs"[0m
  ↳ app/views/blogs/index.html.erb:15
  Rendered blogs/index.html.erb within layouts/application (4.9ms)
Completed 200 OK in 32ms (Views: 28.5ms | ActiveRecord: 2.2ms)


Started GET "/blogs/3/edit" for ::1 at 2019-05-10 15:14:47 -0400
Processing by BlogsController#edit as HTML
  Parameters: {"id"=>"3"}
  [1m[36mBlog Load (0.6ms)[0m  [1m[34mSELECT  "blogs".* FROM "blogs" WHERE "blogs"."id" = $1 LIMIT $2[0m  [["id", 3], ["LIMIT", 1]]
  ↳ app/controllers/blogs_controller.rb:67
  Rendering blogs/edit.html.erb within layouts/application
  Rendered blogs/_form.html.erb (3.7ms)
  Rendered blogs/edit.html.erb within layouts/application (5.8ms)
Completed 200 OK in 36ms (Views: 30.1ms | ActiveRecord: 0.6ms)


Started PATCH "/blogs/3" for ::1 at 2019-05-10 15:14:52 -0400
Processing by BlogsController#update as HTML
  Parameters: {"utf8"=>"✓", "authenticity_token"=>"LcqTNtCDZGBDi2PnkwnTongSpek/eM+dRlUW7abXWt4Q+mz4OjZopGuCBZPa8QHP+tWsGciofP0tzykyhpvMxg==", "blog"=>{"title"=>"My First Blog Post!", "body"=>"Hey! Thanks for checking out my first blog!"}, "commit"=>"Update Blog", "id"=>"3"}
  [1m[36mBlog Load (1.0ms)[0m  [1m[34mSELECT  "blogs".* FROM "blogs" WHERE "blogs"."id" = $1 LIMIT $2[0m  [["id", 3], ["LIMIT", 1]]
  ↳ app/controllers/blogs_controller.rb:67
  [1m[35m (0.2ms)[0m  [1m[35mBEGIN[0m
  ↳ app/controllers/blogs_controller.rb:44
  [1m[36mBlog Update (1.0ms)[0m  [1m[33mUPDATE "blogs" SET "title" = $1, "updated_at" = $2 WHERE "blogs"."id" = $3[0m  [["title", "My First Blog Post!"], ["updated_at", "2019-05-10 19:14:52.061146"], ["id", 3]]
  ↳ app/controllers/blogs_controller.rb:44
  [1m[35m (0.6ms)[0m  [1m[35mCOMMIT[0m
  ↳ app/controllers/blogs_controller.rb:44
Redirected to http://localhost:3000/blogs/3
Completed 302 Found in 9ms (ActiveRecord: 2.8ms)


Started GET "/blogs/3" for ::1 at 2019-05-10 15:14:52 -0400
Processing by BlogsController#show as HTML
  Parameters: {"id"=>"3"}
  [1m[36mBlog Load (4.0ms)[0m  [1m[34mSELECT  "blogs".* FROM "blogs" WHERE "blogs"."id" = $1 LIMIT $2[0m  [["id", 3], ["LIMIT", 1]]
  ↳ app/controllers/blogs_controller.rb:67
  Rendering blogs/show.html.erb within layouts/application
  Rendered blogs/show.html.erb within layouts/application (1.0ms)
Completed 200 OK in 34ms (Views: 26.3ms | ActiveRecord: 4.0ms)


Started GET "/blogs" for ::1 at 2019-05-10 15:14:54 -0400
Processing by BlogsController#index as HTML
  Rendering blogs/index.html.erb within layouts/application
  [1m[36mBlog Load (0.5ms)[0m  [1m[34mSELECT "blogs".* FROM "blogs"[0m
  ↳ app/views/blogs/index.html.erb:15
  Rendered blogs/index.html.erb within layouts/application (2.8ms)
Completed 200 OK in 54ms (Views: 52.4ms | ActiveRecord: 0.5ms)


Started GET "/blogs" for ::1 at 2019-05-10 15:22:36 -0400
Processing by BlogsController#index as HTML
  Rendering blogs/index.html.erb within layouts/application
  [1m[36mBlog Load (2.9ms)[0m  [1m[34mSELECT "blogs".* FROM "blogs"[0m
  ↳ app/views/blogs/index.html.erb:15
  Rendered blogs/index.html.erb within layouts/application (5.8ms)
Completed 200 OK in 101ms (Views: 95.9ms | ActiveRecord: 2.9ms)


Started GET "/blogs/3" for ::1 at 2019-05-10 15:22:40 -0400
Processing by BlogsController#show as HTML
  Parameters: {"id"=>"3"}
  [1m[36mBlog Load (0.7ms)[0m  [1m[34mSELECT  "blogs".* FROM "blogs" WHERE "blogs"."id" = $1 LIMIT $2[0m  [["id", 3], ["LIMIT", 1]]
  ↳ app/controllers/blogs_controller.rb:67
  Rendering blogs/show.html.erb within layouts/application
  Rendered blogs/show.html.erb within layouts/application (1.1ms)
Completed 200 OK in 31ms (Views: 26.7ms | ActiveRecord: 1.2ms)


Started GET "/blogs/3/edit" for ::1 at 2019-05-10 15:22:44 -0400
Processing by BlogsController#edit as HTML
  Parameters: {"id"=>"3"}
  [1m[36mBlog Load (0.6ms)[0m  [1m[34mSELECT  "blogs".* FROM "blogs" WHERE "blogs"."id" = $1 LIMIT $2[0m  [["id", 3], ["LIMIT", 1]]
  ↳ app/controllers/blogs_controller.rb:67
  Rendering blogs/edit.html.erb within layouts/application
  Rendered blogs/_form.html.erb (3.6ms)
  Rendered blogs/edit.html.erb within layouts/application (5.9ms)
Completed 200 OK in 34ms (Views: 31.1ms | ActiveRecord: 0.6ms)


Started GET "/blogs/new" for ::1 at 2019-05-10 15:25:33 -0400
Processing by BlogsController#new as HTML
  Rendering blogs/new.html.erb within layouts/application
  Rendered blogs/_form.html.erb (2.8ms)
  Rendered blogs/new.html.erb within layouts/application (4.4ms)
Completed 200 OK in 31ms (Views: 29.1ms | ActiveRecord: 0.0ms)


Started POST "/blogs" for ::1 at 2019-05-10 15:25:45 -0400
Processing by BlogsController#create as HTML
  Parameters: {"utf8"=>"✓", "authenticity_token"=>"BTSp8tEFCk8plc9PTyBJVUE3qQ1KZSn7At1qkPkybUUgEAXlmf+wYfVuqEGsUm12X1ACgDmEVHXElStbRQvGEA==", "blog"=>{"title"=>"Cool Blog", "body"=>"Dope info"}, "commit"=>"Create Blog"}
  [1m[35m (8.6ms)[0m  [1m[35mBEGIN[0m
  ↳ app/controllers/blogs_controller.rb:30
  [1m[36mBlog Create (1.2ms)[0m  [1m[32mINSERT INTO "blogs" ("title", "body", "created_at", "updated_at") VALUES ($1, $2, $3, $4) RETURNING "id"[0m  [["title", "Cool Blog"], ["body", "Dope info"], ["created_at", "2019-05-10 19:25:45.863179"], ["updated_at", "2019-05-10 19:25:45.863179"]]
  ↳ app/controllers/blogs_controller.rb:30
  [1m[35m (1.3ms)[0m  [1m[35mCOMMIT[0m
  ↳ app/controllers/blogs_controller.rb:30
Redirected to http://localhost:3000/blogs/4
Completed 302 Found in 16ms (ActiveRecord: 11.1ms)


Started GET "/blogs/4" for ::1 at 2019-05-10 15:25:45 -0400
Processing by BlogsController#show as HTML
  Parameters: {"id"=>"4"}
  [1m[36mBlog Load (0.5ms)[0m  [1m[34mSELECT  "blogs".* FROM "blogs" WHERE "blogs"."id" = $1 LIMIT $2[0m  [["id", 4], ["LIMIT", 1]]
  ↳ app/controllers/blogs_controller.rb:67
  Rendering blogs/show.html.erb within layouts/application
  Rendered blogs/show.html.erb within layouts/application (1.4ms)
Completed 200 OK in 30ms (Views: 27.5ms | ActiveRecord: 0.5ms)


Started GET "/blogs" for ::1 at 2019-05-10 15:25:47 -0400
Processing by BlogsController#index as HTML
  Rendering blogs/index.html.erb within layouts/application
  [1m[36mBlog Load (3.4ms)[0m  [1m[34mSELECT "blogs".* FROM "blogs"[0m
  ↳ app/views/blogs/index.html.erb:15
  Rendered blogs/index.html.erb within layouts/application (6.4ms)
Completed 200 OK in 35ms (Views: 30.0ms | ActiveRecord: 3.4ms)


Started GET "/blogs" for ::1 at 2019-05-10 15:26:18 -0400
Processing by BlogsController#index as HTML
  Rendering blogs/index.html.erb within layouts/application
  [1m[36mBlog Load (0.4ms)[0m  [1m[34mSELECT  "blogs".* FROM "blogs" LIMIT $1[0m  [["LIMIT", 1]]
  ↳ app/views/blogs/index.html.erb:15
  Rendered blogs/index.html.erb within layouts/application (74.8ms)
Completed 200 OK in 178ms (Views: 131.0ms | ActiveRecord: 34.7ms)


Started GET "/blogs" for ::1 at 2019-05-10 15:26:58 -0400
Processing by BlogsController#index as HTML
  Rendering blogs/index.html.erb within layouts/application
  [1m[36mBlog Load (0.6ms)[0m  [1m[34mSELECT "blogs".* FROM "blogs"[0m
  ↳ app/views/blogs/index.html.erb:15
  Rendered blogs/index.html.erb within layouts/application (74.1ms)
Completed 200 OK in 117ms (Views: 94.3ms | ActiveRecord: 11.3ms)


Started GET "/blogs/new" for ::1 at 2019-05-10 15:38:41 -0400
Processing by BlogsController#new as HTML
  Rendering blogs/new.html.erb within layouts/application
  Rendered blogs/_form.html.erb (4.1ms)
  Rendered blogs/new.html.erb within layouts/application (5.9ms)
Completed 200 OK in 163ms (Views: 107.7ms | ActiveRecord: 33.3ms)


Started POST "/blogs" for ::1 at 2019-05-10 15:39:17 -0400
Processing by BlogsController#create as HTML
  Parameters: {"utf8"=>"✓", "authenticity_token"=>"4TIkQnzNohmjRbTuwkl9UKSdI+3ZB8pLvjXayHJT2nPEFohVNDcYN3++0+AhO1lzuvqIYKrmt8V4fZsDzmpxJg==", "blog"=>{"title"=>"Third Blog", "body"=>"Really good blog info"}, "commit"=>"Create Blog"}
  [1m[35m (0.3ms)[0m  [1m[35mBEGIN[0m
  ↳ app/controllers/blogs_controller.rb:30
  [1m[36mBlog Create (1.2ms)[0m  [1m[32mINSERT INTO "blogs" ("title", "body", "created_at", "updated_at") VALUES ($1, $2, $3, $4) RETURNING "id"[0m  [["title", "Third Blog"], ["body", "Really good blog info"], ["created_at", "2019-05-10 19:39:17.524628"], ["updated_at", "2019-05-10 19:39:17.524628"]]
  ↳ app/controllers/blogs_controller.rb:30
  [1m[35m (0.7ms)[0m  [1m[35mCOMMIT[0m
  ↳ app/controllers/blogs_controller.rb:30
Redirected to http://localhost:3000/blogs/5
Completed 302 Found in 7ms (ActiveRecord: 2.2ms)


Started GET "/blogs/5" for ::1 at 2019-05-10 15:39:17 -0400
Processing by BlogsController#show as HTML
  Parameters: {"id"=>"5"}
  [1m[36mBlog Load (0.8ms)[0m  [1m[34mSELECT  "blogs".* FROM "blogs" WHERE "blogs"."id" = $1 LIMIT $2[0m  [["id", 5], ["LIMIT", 1]]
  ↳ app/controllers/blogs_controller.rb:65
  Rendering blogs/show.html.erb within layouts/application
  Rendered blogs/show.html.erb within layouts/application (0.9ms)
Completed 200 OK in 33ms (Views: 26.9ms | ActiveRecord: 2.0ms)


Started GET "/blogs" for ::1 at 2019-05-10 15:39:19 -0400
Processing by BlogsController#index as HTML
  Rendering blogs/index.html.erb within layouts/application
  [1m[36mBlog Load (0.6ms)[0m  [1m[34mSELECT "blogs".* FROM "blogs"[0m
  ↳ app/views/blogs/index.html.erb:15
  Rendered blogs/index.html.erb within layouts/application (3.3ms)
Completed 200 OK in 27ms (Views: 25.1ms | ActiveRecord: 0.6ms)


Started GET "/blogs/new" for ::1 at 2019-05-10 15:40:17 -0400
Processing by BlogsController#new as HTML
  Rendering blogs/new.html.erb within layouts/application
  Rendered blogs/_form.html.erb (7.3ms)
  Rendered blogs/new.html.erb within layouts/application (9.1ms)
Completed 200 OK in 70ms (Views: 36.6ms | ActiveRecord: 18.0ms)


Started GET "/blogs" for ::1 at 2019-05-10 17:51:22 -0400
  [1m[35m (1.6ms)[0m  [1m[34mSELECT "schema_migrations"."version" FROM "schema_migrations" ORDER BY "schema_migrations"."version" ASC[0m
  ↳ /Users/luke/.rvm/gems/ruby-2.6.1/gems/web-console-3.7.0/lib/web_console/middleware.rb:135
Processing by BlogsController#index as HTML
  Rendering blogs/index.html.erb within layouts/application
  [1m[36mBlog Load (1.1ms)[0m  [1m[34mSELECT "blogs".* FROM "blogs"[0m
  ↳ app/views/blogs/index.html.erb:15
  Rendered blogs/index.html.erb within layouts/application (31.6ms)
Completed 200 OK in 751ms (Views: 714.0ms | ActiveRecord: 15.0ms)


